<?xml version="1.0" encoding="UTF-8"?>
<!-- Generated by org.testng.reporters.JUnitReportReporter -->
<testsuite skipped="0" hostname="ESL008" name="com.qa.tests.GetAPITest" tests="2" failures="0" timestamp="06 Jul 2019 08:41:49 GMT" time="4.759" errors="0">
  <testcase name="getAPITestWithoutHeaders" time="3.836" classname="com.qa.tests.GetAPITest"/>
  <testcase name="getAPITestWithHeaders" time="0.923" classname="com.qa.tests.GetAPITest"/>
</testsuite> <!-- com.qa.tests.GetAPITest -->
